<?xml version="1.0" encoding="UTF-8"?>
<!-- Generated by org.testng.reporters.JUnitXMLReporter -->
<testsuite ignored="12" hostname="SPBLRLTU627" failures="3" tests="75" name="Test" time="490.303" errors="0" timestamp="2022-10-25T14:52:28 IST">
  <testcase classname="testcases.TC001" name="test1" time="9.682"/>
  <testcase classname="testcases.TC001" name="test1" time="12.381"/>
  <testcase classname="testcases.TC002" name="test2" time="0.566"/>
  <testcase classname="testcases.TC001" name="test1" time="12.665"/>
  <testcase classname="testcases.TC002" name="test2" time="0.79"/>
  <testcase classname="testcases.TC003" name="test3" time="1.095"/>
  <testcase classname="testcases.TC001" name="test1" time="10.671"/>
  <testcase classname="testcases.TC002" name="test2" time="0.696"/>
  <testcase classname="testcases.TC003" name="test3" time="1.872"/>
  <testcase classname="testcases.TC004" name="test4" time="0.323"/>
  <testcase classname="testcases.TC001" name="test1" time="16.26"/>
  <testcase classname="testcases.TC002" name="test2" time="0.325"/>
  <testcase classname="testcases.TC003" name="test3" time="1.319"/>
  <testcase classname="testcases.TC004" name="test4" time="0.354"/>
  <testcase classname="testcases.TC005" name="test5" time="1.309"/>
  <testcase classname="testcases.TC001" name="test1" time="19.974"/>
  <testcase classname="testcases.TC002" name="test2" time="0.561"/>
  <testcase classname="testcases.TC003" name="test3" time="2.229"/>
  <testcase classname="testcases.TC004" name="test4" time="0.481"/>
  <testcase classname="testcases.TC005" name="test5" time="0.483"/>
  <testcase classname="testcases.TC006" name="test6" time="0.414"/>
  <testcase classname="testcases.TC001" name="test1" time="15.888"/>
  <testcase classname="testcases.TC002" name="test2" time="2.242"/>
  <testcase classname="testcases.TC003" name="test3" time="1.635"/>
  <testcase classname="testcases.TC004" name="test4" time="0.607"/>
  <testcase classname="testcases.TC005" name="test5" time="0.647"/>
  <testcase classname="testcases.TC006" name="test6" time="0.66"/>
  <testcase classname="testcases.TC007" name="test7" time="0.677"/>
  <testcase classname="testcases.TC001" name="test1" time="24.448"/>
  <testcase classname="testcases.TC002" name="test2" time="8.987"/>
  <testcase classname="testcases.TC003" name="test3" time="2.203"/>
  <testcase classname="testcases.TC004" name="test4" time="0.707"/>
  <testcase classname="testcases.TC005" name="test5" time="0.368"/>
  <testcase classname="testcases.TC006" name="test6" time="0.343"/>
  <testcase classname="testcases.TC007" name="test7" time="0.557"/>
  <testcase classname="testcases.TC008" name="test8" time="0.496"/>
  <testcase classname="testcases.TC001" name="test1" time="31.628"/>
  <testcase classname="testcases.TC002" name="test2" time="1.139"/>
  <testcase classname="testcases.TC003" name="test3" time="2.033"/>
  <testcase classname="testcases.TC004" name="test4" time="0.589"/>
  <testcase classname="testcases.TC005" name="test5" time="0.53"/>
  <testcase classname="testcases.TC006" name="test6" time="0.353"/>
  <testcase classname="testcases.TC007" name="test7" time="0.392"/>
  <testcase classname="testcases.TC008" name="test8" time="0.329"/>
  <testcase classname="testcases.TC009" name="test9" time="2.423"/>
  <testcase classname="testcases.TC001" name="test1" time="34.767"/>
  <testcase classname="testcases.TC002" name="test2" time="0.691"/>
  <testcase classname="testcases.TC003" name="test3" time="1.255"/>
  <testcase classname="testcases.TC004" name="test4" time="0.363"/>
  <testcase classname="testcases.TC005" name="test5" time="0.489"/>
  <testcase classname="testcases.TC006" name="test6" time="0.517"/>
  <testcase classname="testcases.TC007" name="test7" time="0.352"/>
  <testcase classname="testcases.TC008" name="test8" time="0.387"/>
  <testcase classname="testcases.TC009" name="test9" time="0.39"/>
  <testcase classname="testcases.TC010" name="test10" time="4.481"/>
  <testcase classname="testcases.TC001" name="test1" time="37.889"/>
  <testcase classname="testcases.TC002" name="test2" time="0.341"/>
  <testcase classname="testcases.TC003" name="test3" time="2.711"/>
  <testcase classname="testcases.TC004" name="test4" time="0.304"/>
  <testcase classname="testcases.TC005" name="test5" time="0.396"/>
  <testcase classname="testcases.TC006" name="test6" time="0.387"/>
  <testcase classname="testcases.TC007" name="test7" time="0.343"/>
  <testcase classname="testcases.TC008" name="test8" time="0.499"/>
  <testcase classname="testcases.TC009" name="test9" time="0.8"/>
  <testcase classname="testcases.TC010" name="test10" time="1.462"/>
  <testcase classname="testcases.TC011" name="test11" time="49.948"/>
  <testcase classname="testcases.TC001" name="test1" time="118.58">
    <failure type="org.openqa.selenium.WebDriverException" message="chrome not reachable
Build info: version: &amp;apos;3.141.59&amp;apos;, revision: &amp;apos;e82be7d358&amp;apos;, time: &amp;apos;2018-11-14T08:25:53&amp;apos;
System info: host: &amp;apos;SPBLRLTU627&amp;apos;, ip: &amp;apos;192.168.43.107&amp;apos;, os.name: &amp;apos;Windows 10&amp;apos;, os.arch: &amp;apos;amd64&amp;apos;, os.version: &amp;apos;10.0&amp;apos;, java.version: &amp;apos;17.0.4.1&amp;apos;
Driver info: driver.version: ChromeDriver
remote stacktrace: Backtrace:
	Ordinal0 [0x00CFDF13+2219795]
	Ordinal0 [0x00C92841+1779777]
	Ordinal0 [0x00BA4100+803072]
	Ordinal0 [0x00B99B1A+760602]
	Ordinal0 [0x00BC5E4A+941642]
	Ordinal0 [0x00BC19F0+924144]
	Ordinal0 [0x00BBF179+913785]
	Ordinal0 [0x00BF36B9+1128121]
	Ordinal0 [0x00BF331A+1127194]
	Ordinal0 [0x00BEE616+1107478]
	Ordinal0 [0x00BC7F89+950153]
	Ordinal0 [0x00BC8F56+954198]
	GetHandleVerifier [0x00FF2CB2+3040210]
	GetHandleVerifier [0x00FE2BB4+2974420]
	GetHandleVerifier [0x00D96A0A+565546]
	GetHandleVerifier [0x00D95680+560544]
	Ordinal0 [0x00C99A5C+1808988]
	Ordinal0 [0x00C9E3A8+1827752]
	Ordinal0 [0x00C9E495+1827989]
	Ordinal0 [0x00CA80A4+1867940]
	BaseThreadInitThunk [0x7761FA29+25]
	RtlGetAppContainerNamedObjectPath [0x77777A9E+286]
	RtlGetAppContainerNamedObjectPath [0x77777A6E+238]
">
      <![CDATA[org.openqa.selenium.WebDriverException: chrome not reachable
Build info: version: '3.141.59', revision: 'e82be7d358', time: '2018-11-14T08:25:53'
System info: host: 'SPBLRLTU627', ip: '192.168.43.107', os.name: 'Windows 10', os.arch: 'amd64', os.version: '10.0', java.version: '17.0.4.1'
Driver info: driver.version: ChromeDriver
remote stacktrace: Backtrace:
Ordinal0 [0x00CFDF13+2219795]
Ordinal0 [0x00C92841+1779777]
Ordinal0 [0x00BA4100+803072]
Ordinal0 [0x00B99B1A+760602]
Ordinal0 [0x00BC5E4A+941642]
Ordinal0 [0x00BC19F0+924144]
Ordinal0 [0x00BBF179+913785]
Ordinal0 [0x00BF36B9+1128121]
Ordinal0 [0x00BF331A+1127194]
Ordinal0 [0x00BEE616+1107478]
Ordinal0 [0x00BC7F89+950153]
Ordinal0 [0x00BC8F56+954198]
GetHandleVerifier [0x00FF2CB2+3040210]
GetHandleVerifier [0x00FE2BB4+2974420]
GetHandleVerifier [0x00D96A0A+565546]
GetHandleVerifier [0x00D95680+560544]
Ordinal0 [0x00C99A5C+1808988]
Ordinal0 [0x00C9E3A8+1827752]
Ordinal0 [0x00C9E495+1827989]
Ordinal0 [0x00CA80A4+1867940]
BaseThreadInitThunk [0x7761FA29+25]
RtlGetAppContainerNamedObjectPath [0x77777A9E+286]
RtlGetAppContainerNamedObjectPath [0x77777A6E+238]

at org.openqa.selenium.remote.W3CHandshakeResponse.lambda$errorHandler$0(W3CHandshakeResponse.java:62)
at org.openqa.selenium.remote.HandshakeResponse.lambda$getResponseFunction$0(HandshakeResponse.java:30)
at org.openqa.selenium.remote.ProtocolHandshake.lambda$createSession$0(ProtocolHandshake.java:126)
at java.base/java.util.stream.ReferencePipeline$3$1.accept(ReferencePipeline.java:197)
at java.base/java.util.Spliterators$ArraySpliterator.tryAdvance(Spliterators.java:1002)
at java.base/java.util.stream.ReferencePipeline.forEachWithCancel(ReferencePipeline.java:129)
at java.base/java.util.stream.AbstractPipeline.copyIntoWithCancel(AbstractPipeline.java:527)
at java.base/java.util.stream.AbstractPipeline.copyInto(AbstractPipeline.java:513)
at java.base/java.util.stream.AbstractPipeline.wrapAndCopyInto(AbstractPipeline.java:499)
at java.base/java.util.stream.FindOps$FindOp.evaluateSequential(FindOps.java:150)
at java.base/java.util.stream.AbstractPipeline.evaluate(AbstractPipeline.java:234)
at java.base/java.util.stream.ReferencePipeline.findFirst(ReferencePipeline.java:647)
at org.openqa.selenium.remote.ProtocolHandshake.createSession(ProtocolHandshake.java:128)
at org.openqa.selenium.remote.ProtocolHandshake.createSession(ProtocolHandshake.java:74)
at org.openqa.selenium.remote.HttpCommandExecutor.execute(HttpCommandExecutor.java:136)
at org.openqa.selenium.remote.service.DriverCommandExecutor.execute(DriverCommandExecutor.java:83)
at org.openqa.selenium.remote.RemoteWebDriver.execute(RemoteWebDriver.java:552)
at org.openqa.selenium.remote.RemoteWebDriver.startSession(RemoteWebDriver.java:213)
at org.openqa.selenium.remote.RemoteWebDriver.<init>(RemoteWebDriver.java:131)
at org.openqa.selenium.chrome.ChromeDriver.<init>(ChromeDriver.java:181)
at org.openqa.selenium.chrome.ChromeDriver.<init>(ChromeDriver.java:168)
at org.openqa.selenium.chrome.ChromeDriver.<init>(ChromeDriver.java:123)
at testcases.TC001.test1(TC001.java:17)
at java.base/java.util.ArrayList.forEach(ArrayList.java:1511)
... Removed 32 stack frames]]>
    </failure>
  </testcase> <!-- test1 -->
  <testcase classname="testcases.TC002" name="test2" time="10.492">
    <failure type="org.openqa.selenium.WebDriverException" message="chrome not reachable
  (Session info: chrome=106.0.5249.119)
Build info: version: &amp;apos;3.141.59&amp;apos;, revision: &amp;apos;e82be7d358&amp;apos;, time: &amp;apos;2018-11-14T08:25:53&amp;apos;
System info: host: &amp;apos;SPBLRLTU627&amp;apos;, ip: &amp;apos;192.168.43.107&amp;apos;, os.name: &amp;apos;Windows 10&amp;apos;, os.arch: &amp;apos;amd64&amp;apos;, os.version: &amp;apos;10.0&amp;apos;, java.version: &amp;apos;17.0.4.1&amp;apos;
Driver info: org.openqa.selenium.chrome.ChromeDriver
Capabilities {acceptInsecureCerts: false, browserName: chrome, browserVersion: 106.0.5249.119, chrome: {chromedriverVersion: 105.0.5195.52 (412c95e51883..., userDataDir: C:\Users\ANANDH~1.R\AppData...}, goog:chromeOptions: {debuggerAddress: localhost:59962}, javascriptEnabled: true, networkConnectionEnabled: false, pageLoadStrategy: normal, platform: WINDOWS, platformName: WINDOWS, proxy: Proxy(), setWindowRect: true, strictFileInteractability: false, timeouts: {implicit: 0, pageLoad: 300000, script: 30000}, unhandledPromptBehavior: dismiss and notify, webauthn:extension:credBlob: true, webauthn:extension:largeBlob: true, webauthn:virtualAuthenticators: true}
Session ID: 1df8630102f5e7c9b48a9ae91043b93a
*** Element info: {Using=xpath, value=//a[.=&amp;apos;Sign In&amp;apos;]}">
      <![CDATA[org.openqa.selenium.WebDriverException: chrome not reachable
  (Session info: chrome=106.0.5249.119)
Build info: version: '3.141.59', revision: 'e82be7d358', time: '2018-11-14T08:25:53'
System info: host: 'SPBLRLTU627', ip: '192.168.43.107', os.name: 'Windows 10', os.arch: 'amd64', os.version: '10.0', java.version: '17.0.4.1'
Driver info: org.openqa.selenium.chrome.ChromeDriver
Capabilities {acceptInsecureCerts: false, browserName: chrome, browserVersion: 106.0.5249.119, chrome: {chromedriverVersion: 105.0.5195.52 (412c95e51883..., userDataDir: C:\Users\ANANDH~1.R\AppData...}, goog:chromeOptions: {debuggerAddress: localhost:59962}, javascriptEnabled: true, networkConnectionEnabled: false, pageLoadStrategy: normal, platform: WINDOWS, platformName: WINDOWS, proxy: Proxy(), setWindowRect: true, strictFileInteractability: false, timeouts: {implicit: 0, pageLoad: 300000, script: 30000}, unhandledPromptBehavior: dismiss and notify, webauthn:extension:credBlob: true, webauthn:extension:largeBlob: true, webauthn:virtualAuthenticators: true}
Session ID: 1df8630102f5e7c9b48a9ae91043b93a
*** Element info: {Using=xpath, value=//a[.='Sign In']}
at org.openqa.selenium.remote.http.W3CHttpResponseCodec.createException(W3CHttpResponseCodec.java:187)
at org.openqa.selenium.remote.http.W3CHttpResponseCodec.decode(W3CHttpResponseCodec.java:122)
at org.openqa.selenium.remote.http.W3CHttpResponseCodec.decode(W3CHttpResponseCodec.java:49)
at org.openqa.selenium.remote.HttpCommandExecutor.execute(HttpCommandExecutor.java:158)
at org.openqa.selenium.remote.service.DriverCommandExecutor.execute(DriverCommandExecutor.java:83)
at org.openqa.selenium.remote.RemoteWebDriver.execute(RemoteWebDriver.java:552)
at org.openqa.selenium.remote.RemoteWebDriver.findElement(RemoteWebDriver.java:323)
at org.openqa.selenium.remote.RemoteWebDriver.findElementByXPath(RemoteWebDriver.java:428)
at org.openqa.selenium.By$ByXPath.findElement(By.java:353)
at org.openqa.selenium.remote.RemoteWebDriver.findElement(RemoteWebDriver.java:315)
at Jpetstore.HomePage.Signin(HomePage.java:38)
at testcases.TC002.test2(TC002.java:12)
at java.base/java.util.ArrayList.forEach(ArrayList.java:1511)
... Removed 32 stack frames]]>
    </failure>
  </testcase> <!-- test2 -->
  <testcase classname="testcases.TC015" name="test4" time="10.461">
    <failure type="org.openqa.selenium.WebDriverException" message="chrome not reachable
  (Session info: chrome=106.0.5249.119)
Build info: version: &amp;apos;3.141.59&amp;apos;, revision: &amp;apos;e82be7d358&amp;apos;, time: &amp;apos;2018-11-14T08:25:53&amp;apos;
System info: host: &amp;apos;SPBLRLTU627&amp;apos;, ip: &amp;apos;192.168.43.107&amp;apos;, os.name: &amp;apos;Windows 10&amp;apos;, os.arch: &amp;apos;amd64&amp;apos;, os.version: &amp;apos;10.0&amp;apos;, java.version: &amp;apos;17.0.4.1&amp;apos;
Driver info: org.openqa.selenium.chrome.ChromeDriver
Capabilities {acceptInsecureCerts: false, browserName: chrome, browserVersion: 106.0.5249.119, chrome: {chromedriverVersion: 105.0.5195.52 (412c95e51883..., userDataDir: C:\Users\ANANDH~1.R\AppData...}, goog:chromeOptions: {debuggerAddress: localhost:59962}, javascriptEnabled: true, networkConnectionEnabled: false, pageLoadStrategy: normal, platform: WINDOWS, platformName: WINDOWS, proxy: Proxy(), setWindowRect: true, strictFileInteractability: false, timeouts: {implicit: 0, pageLoad: 300000, script: 30000}, unhandledPromptBehavior: dismiss and notify, webauthn:extension:credBlob: true, webauthn:extension:largeBlob: true, webauthn:virtualAuthenticators: true}
Session ID: 1df8630102f5e7c9b48a9ae91043b93a
*** Element info: {Using=xpath, value=//a[text()=&amp;apos;Register Now!&amp;apos;]}">
      <![CDATA[org.openqa.selenium.WebDriverException: chrome not reachable
  (Session info: chrome=106.0.5249.119)
Build info: version: '3.141.59', revision: 'e82be7d358', time: '2018-11-14T08:25:53'
System info: host: 'SPBLRLTU627', ip: '192.168.43.107', os.name: 'Windows 10', os.arch: 'amd64', os.version: '10.0', java.version: '17.0.4.1'
Driver info: org.openqa.selenium.chrome.ChromeDriver
Capabilities {acceptInsecureCerts: false, browserName: chrome, browserVersion: 106.0.5249.119, chrome: {chromedriverVersion: 105.0.5195.52 (412c95e51883..., userDataDir: C:\Users\ANANDH~1.R\AppData...}, goog:chromeOptions: {debuggerAddress: localhost:59962}, javascriptEnabled: true, networkConnectionEnabled: false, pageLoadStrategy: normal, platform: WINDOWS, platformName: WINDOWS, proxy: Proxy(), setWindowRect: true, strictFileInteractability: false, timeouts: {implicit: 0, pageLoad: 300000, script: 30000}, unhandledPromptBehavior: dismiss and notify, webauthn:extension:credBlob: true, webauthn:extension:largeBlob: true, webauthn:virtualAuthenticators: true}
Session ID: 1df8630102f5e7c9b48a9ae91043b93a
*** Element info: {Using=xpath, value=//a[text()='Register Now!']}
at org.openqa.selenium.remote.http.W3CHttpResponseCodec.createException(W3CHttpResponseCodec.java:187)
at org.openqa.selenium.remote.http.W3CHttpResponseCodec.decode(W3CHttpResponseCodec.java:122)
at org.openqa.selenium.remote.http.W3CHttpResponseCodec.decode(W3CHttpResponseCodec.java:49)
at org.openqa.selenium.remote.HttpCommandExecutor.execute(HttpCommandExecutor.java:158)
at org.openqa.selenium.remote.service.DriverCommandExecutor.execute(DriverCommandExecutor.java:83)
at org.openqa.selenium.remote.RemoteWebDriver.execute(RemoteWebDriver.java:552)
at org.openqa.selenium.remote.RemoteWebDriver.findElement(RemoteWebDriver.java:323)
at org.openqa.selenium.remote.RemoteWebDriver.findElementByXPath(RemoteWebDriver.java:428)
at org.openqa.selenium.By$ByXPath.findElement(By.java:353)
at org.openqa.selenium.remote.RemoteWebDriver.findElement(RemoteWebDriver.java:315)
at Jpetstore.SignInPage.Register(SignInPage.java:22)
at testcases.TC015.test4(TC015.java:13)
at java.base/java.util.ArrayList.forEach(ArrayList.java:1511)
... Removed 32 stack frames]]>
    </failure>
  </testcase> <!-- test4 -->
  <testcase classname="testcases.TC001" name="test1" time="13.166"/>
  <testcase classname="testcases.TC002" name="test2" time="0.5"/>
  <testcase classname="testcases.TC003" name="test3" time="1.488"/>
  <testcase classname="testcases.TC004" name="test4" time="0.445"/>
  <testcase classname="testcases.TC005" name="test5" time="0.564"/>
  <testcase classname="testcases.TC020" name="test20" time="0.896"/>
  <testcase classname="testcases.TC001" name="@AfterTest close_window" time="0.0">
    <ignored/>
  </testcase> <!-- @AfterTest close_window -->
  <testcase classname="testcases.TC001" name="@AfterTest close_window" time="0.0">
    <ignored/>
  </testcase> <!-- @AfterTest close_window -->
  <testcase classname="testcases.TC001" name="@AfterTest close_window" time="0.0">
    <ignored/>
  </testcase> <!-- @AfterTest close_window -->
  <testcase classname="testcases.TC001" name="@AfterTest close_window" time="0.0">
    <ignored/>
  </testcase> <!-- @AfterTest close_window -->
  <testcase classname="testcases.TC001" name="@AfterTest close_window" time="0.0">
    <ignored/>
  </testcase> <!-- @AfterTest close_window -->
  <testcase classname="testcases.TC001" name="@AfterTest close_window" time="0.0">
    <ignored/>
  </testcase> <!-- @AfterTest close_window -->
  <testcase classname="testcases.TC001" name="@AfterTest close_window" time="0.0">
    <ignored/>
  </testcase> <!-- @AfterTest close_window -->
  <testcase classname="testcases.TC001" name="@AfterTest close_window" time="0.0">
    <ignored/>
  </testcase> <!-- @AfterTest close_window -->
  <testcase classname="testcases.TC001" name="@AfterTest close_window" time="0.0">
    <ignored/>
  </testcase> <!-- @AfterTest close_window -->
  <testcase classname="testcases.TC001" name="@AfterTest close_window" time="0.0">
    <ignored/>
  </testcase> <!-- @AfterTest close_window -->
  <testcase classname="testcases.TC001" name="@AfterTest close_window" time="0.0">
    <ignored/>
  </testcase> <!-- @AfterTest close_window -->
  <testcase classname="testcases.TC001" name="@AfterTest close_window" time="0.0">
    <ignored/>
  </testcase> <!-- @AfterTest close_window -->
</testsuite> <!-- Test -->
