<html>
<head>
<title>TestNG:  Test</title>
<link href="../testng.css" rel="stylesheet" type="text/css" />
<link href="../my-testng.css" rel="stylesheet" type="text/css" />

<style type="text/css">
.log { display: none;} 
.stack-trace { display: none;} 
</style>
<script type="text/javascript">
<!--
function flip(e) {
  current = e.style.display;
  if (current == 'block') {
    e.style.display = 'none';
    return 0;
  }
  else {
    e.style.display = 'block';
    return 1;
  }
}

function toggleBox(szDivId, elem, msg1, msg2)
{
  var res = -1;  if (document.getElementById) {
    res = flip(document.getElementById(szDivId));
  }
  else if (document.all) {
    // this is the way old msie versions work
    res = flip(document.all[szDivId]);
  }
  if(elem) {
    if(res == 0) elem.innerHTML = msg1; else elem.innerHTML = msg2;
  }

}

function toggleAllBoxes() {
  if (document.getElementsByTagName) {
    d = document.getElementsByTagName('div');
    for (i = 0; i < d.length; i++) {
      if (d[i].className == 'log') {
        flip(d[i]);
      }
    }
  }
}

// -->
</script>

</head>
<body>
<h2 align='center'>Test</h2><table border='1' align="center">
<tr>
<td>Tests passed/Failed/Skipped:</td><td>72/3/0</td>
</tr><tr>
<td>Started on:</td><td>Tue Oct 25 14:44:17 IST 2022</td>
</tr>
<tr><td>Total time:</td><td>490 seconds (490303 ms)</td>
</tr><tr>
<td>Included groups:</td><td></td>
</tr><tr>
<td>Excluded groups:</td><td></td>
</tr>
</table><p/>
<small><i>(Hover the method name to see the test class name)</i></small><p/>
<table width='100%' border='1' class='invocation-failed'>
<tr><td colspan='4' align='center'><b>FAILED TESTS</b></td></tr>
<tr><td><b>Test method</b></td>
<td width="30%"><b>Exception</b></td>
<td width="10%"><b>Time (seconds)</b></td>
<td><b>Instance</b></td>
</tr>
<tr>
<td title='testcases.TC015.test4()'><b>test4</b><br>Test class: testcases.TC015</td>
<td><div><pre>org.openqa.selenium.WebDriverException: chrome not reachable
  (Session info: chrome=106.0.5249.119)
Build info: version: &apos;3.141.59&apos;, revision: &apos;e82be7d358&apos;, time: &apos;2018-11-14T08:25:53&apos;
System info: host: &apos;SPBLRLTU627&apos;, ip: &apos;192.168.43.107&apos;, os.name: &apos;Windows 10&apos;, os.arch: &apos;amd64&apos;, os.version: &apos;10.0&apos;, java.version: &apos;17.0.4.1&apos;
Driver info: org.openqa.selenium.chrome.ChromeDriver
Capabilities {acceptInsecureCerts: false, browserName: chrome, browserVersion: 106.0.5249.119, chrome: {chromedriverVersion: 105.0.5195.52 (412c95e51883..., userDataDir: C:\Users\ANANDH~1.R\AppData...}, goog:chromeOptions: {debuggerAddress: localhost:59962}, javascriptEnabled: true, networkConnectionEnabled: false, pageLoadStrategy: normal, platform: WINDOWS, platformName: WINDOWS, proxy: Proxy(), setWindowRect: true, strictFileInteractability: false, timeouts: {implicit: 0, pageLoad: 300000, script: 30000}, unhandledPromptBehavior: dismiss and notify, webauthn:extension:credBlob: true, webauthn:extension:largeBlob: true, webauthn:virtualAuthenticators: true}
Session ID: 1df8630102f5e7c9b48a9ae91043b93a
*** Element info: {Using=xpath, value=//a[text()=&apos;Register Now!&apos;]}
	at org.openqa.selenium.remote.http.W3CHttpResponseCodec.createException(W3CHttpResponseCodec.java:187)
	at org.openqa.selenium.remote.http.W3CHttpResponseCodec.decode(W3CHttpResponseCodec.java:122)
	at org.openqa.selenium.remote.http.W3CHttpResponseCodec.decode(W3CHttpResponseCodec.java:49)
	at org.openqa.selenium.remote.HttpCommandExecutor.execute(HttpCommandExecutor.java:158)
	at org.openqa.selenium.remote.service.DriverCommandExecutor.execute(DriverCommandExecutor.java:83)
	at org.openqa.selenium.remote.RemoteWebDriver.execute(RemoteWebDriver.java:552)
	at org.openqa.selenium.remote.RemoteWebDriver.findElement(RemoteWebDriver.java:323)
	at org.openqa.selenium.remote.RemoteWebDriver.findElementByXPath(RemoteWebDriver.java:428)
	at org.openqa.selenium.By$ByXPath.findElement(By.java:353)
	at org.openqa.selenium.remote.RemoteWebDriver.findElement(RemoteWebDriver.java:315)
	at Jpetstore.SignInPage.Register(SignInPage.java:22)
	at testcases.TC015.test4(TC015.java:13)
	at java.base/java.util.ArrayList.forEach(ArrayList.java:1511)
... Removed 32 stack frames</pre></div><a href='#' onClick='toggleBox("stack-trace1769042905", this, "Click to show all stack frames", "Click to hide stack frames")'>Click to show all stack frames</a>
<div class='stack-trace' id='stack-trace1769042905'><pre>org.openqa.selenium.WebDriverException: chrome not reachable
  (Session info: chrome=106.0.5249.119)
Build info: version: &apos;3.141.59&apos;, revision: &apos;e82be7d358&apos;, time: &apos;2018-11-14T08:25:53&apos;
System info: host: &apos;SPBLRLTU627&apos;, ip: &apos;192.168.43.107&apos;, os.name: &apos;Windows 10&apos;, os.arch: &apos;amd64&apos;, os.version: &apos;10.0&apos;, java.version: &apos;17.0.4.1&apos;
Driver info: org.openqa.selenium.chrome.ChromeDriver
Capabilities {acceptInsecureCerts: false, browserName: chrome, browserVersion: 106.0.5249.119, chrome: {chromedriverVersion: 105.0.5195.52 (412c95e51883..., userDataDir: C:\Users\ANANDH~1.R\AppData...}, goog:chromeOptions: {debuggerAddress: localhost:59962}, javascriptEnabled: true, networkConnectionEnabled: false, pageLoadStrategy: normal, platform: WINDOWS, platformName: WINDOWS, proxy: Proxy(), setWindowRect: true, strictFileInteractability: false, timeouts: {implicit: 0, pageLoad: 300000, script: 30000}, unhandledPromptBehavior: dismiss and notify, webauthn:extension:credBlob: true, webauthn:extension:largeBlob: true, webauthn:virtualAuthenticators: true}
Session ID: 1df8630102f5e7c9b48a9ae91043b93a
*** Element info: {Using=xpath, value=//a[text()=&apos;Register Now!&apos;]}
	at java.base/jdk.internal.reflect.NativeConstructorAccessorImpl.newInstance0(Native Method)
	at java.base/jdk.internal.reflect.NativeConstructorAccessorImpl.newInstance(NativeConstructorAccessorImpl.java:77)
	at java.base/jdk.internal.reflect.DelegatingConstructorAccessorImpl.newInstance(DelegatingConstructorAccessorImpl.java:45)
	at java.base/java.lang.reflect.Constructor.newInstanceWithCaller(Constructor.java:499)
	at java.base/java.lang.reflect.Constructor.newInstance(Constructor.java:480)
	at org.openqa.selenium.remote.http.W3CHttpResponseCodec.createException(W3CHttpResponseCodec.java:187)
	at org.openqa.selenium.remote.http.W3CHttpResponseCodec.decode(W3CHttpResponseCodec.java:122)
	at org.openqa.selenium.remote.http.W3CHttpResponseCodec.decode(W3CHttpResponseCodec.java:49)
	at org.openqa.selenium.remote.HttpCommandExecutor.execute(HttpCommandExecutor.java:158)
	at org.openqa.selenium.remote.service.DriverCommandExecutor.execute(DriverCommandExecutor.java:83)
	at org.openqa.selenium.remote.RemoteWebDriver.execute(RemoteWebDriver.java:552)
	at org.openqa.selenium.remote.RemoteWebDriver.findElement(RemoteWebDriver.java:323)
	at org.openqa.selenium.remote.RemoteWebDriver.findElementByXPath(RemoteWebDriver.java:428)
	at org.openqa.selenium.By$ByXPath.findElement(By.java:353)
	at org.openqa.selenium.remote.RemoteWebDriver.findElement(RemoteWebDriver.java:315)
	at Jpetstore.SignInPage.Register(SignInPage.java:22)
	at testcases.TC015.test4(TC015.java:13)
	at java.base/jdk.internal.reflect.NativeMethodAccessorImpl.invoke0(Native Method)
	at java.base/jdk.internal.reflect.NativeMethodAccessorImpl.invoke(NativeMethodAccessorImpl.java:77)
	at java.base/jdk.internal.reflect.DelegatingMethodAccessorImpl.invoke(DelegatingMethodAccessorImpl.java:43)
	at java.base/java.lang.reflect.Method.invoke(Method.java:568)
	at org.testng.internal.MethodInvocationHelper.invokeMethod(MethodInvocationHelper.java:133)
	at org.testng.internal.TestInvoker.invokeMethod(TestInvoker.java:598)
	at org.testng.internal.TestInvoker.invokeTestMethod(TestInvoker.java:173)
	at org.testng.internal.MethodRunner.runInSequence(MethodRunner.java:46)
	at org.testng.internal.TestInvoker$MethodInvocationAgent.invoke(TestInvoker.java:824)
	at org.testng.internal.TestInvoker.invokeTestMethods(TestInvoker.java:146)
	at org.testng.internal.TestMethodWorker.invokeTestMethods(TestMethodWorker.java:146)
	at org.testng.internal.TestMethodWorker.run(TestMethodWorker.java:128)
	at java.base/java.util.ArrayList.forEach(ArrayList.java:1511)
	at org.testng.TestRunner.privateRun(TestRunner.java:794)
	at org.testng.TestRunner.run(TestRunner.java:596)
	at org.testng.SuiteRunner.runTest(SuiteRunner.java:377)
	at org.testng.SuiteRunner.runSequentially(SuiteRunner.java:371)
	at org.testng.SuiteRunner.privateRun(SuiteRunner.java:332)
	at org.testng.SuiteRunner.run(SuiteRunner.java:276)
	at org.testng.SuiteRunnerWorker.runSuite(SuiteRunnerWorker.java:53)
	at org.testng.SuiteRunnerWorker.run(SuiteRunnerWorker.java:96)
	at org.testng.TestNG.runSuitesSequentially(TestNG.java:1212)
	at org.testng.TestNG.runSuitesLocally(TestNG.java:1134)
	at org.testng.TestNG.runSuites(TestNG.java:1063)
	at org.testng.TestNG.run(TestNG.java:1031)
	at org.testng.remote.AbstractRemoteTestNG.run(AbstractRemoteTestNG.java:115)
	at org.testng.remote.RemoteTestNG.initAndRun(RemoteTestNG.java:251)
	at org.testng.remote.RemoteTestNG.main(RemoteTestNG.java:77)
</pre></div></td>
<td>10</td>
<td>testcases.TC015@6da21078</td></tr>
<tr>
<td title='testcases.TC015.test2()'><b>test2</b><br>Test class: testcases.TC015</td>
<td><div><pre>org.openqa.selenium.WebDriverException: chrome not reachable
  (Session info: chrome=106.0.5249.119)
Build info: version: &apos;3.141.59&apos;, revision: &apos;e82be7d358&apos;, time: &apos;2018-11-14T08:25:53&apos;
System info: host: &apos;SPBLRLTU627&apos;, ip: &apos;192.168.43.107&apos;, os.name: &apos;Windows 10&apos;, os.arch: &apos;amd64&apos;, os.version: &apos;10.0&apos;, java.version: &apos;17.0.4.1&apos;
Driver info: org.openqa.selenium.chrome.ChromeDriver
Capabilities {acceptInsecureCerts: false, browserName: chrome, browserVersion: 106.0.5249.119, chrome: {chromedriverVersion: 105.0.5195.52 (412c95e51883..., userDataDir: C:\Users\ANANDH~1.R\AppData...}, goog:chromeOptions: {debuggerAddress: localhost:59962}, javascriptEnabled: true, networkConnectionEnabled: false, pageLoadStrategy: normal, platform: WINDOWS, platformName: WINDOWS, proxy: Proxy(), setWindowRect: true, strictFileInteractability: false, timeouts: {implicit: 0, pageLoad: 300000, script: 30000}, unhandledPromptBehavior: dismiss and notify, webauthn:extension:credBlob: true, webauthn:extension:largeBlob: true, webauthn:virtualAuthenticators: true}
Session ID: 1df8630102f5e7c9b48a9ae91043b93a
*** Element info: {Using=xpath, value=//a[.=&apos;Sign In&apos;]}
	at org.openqa.selenium.remote.http.W3CHttpResponseCodec.createException(W3CHttpResponseCodec.java:187)
	at org.openqa.selenium.remote.http.W3CHttpResponseCodec.decode(W3CHttpResponseCodec.java:122)
	at org.openqa.selenium.remote.http.W3CHttpResponseCodec.decode(W3CHttpResponseCodec.java:49)
	at org.openqa.selenium.remote.HttpCommandExecutor.execute(HttpCommandExecutor.java:158)
	at org.openqa.selenium.remote.service.DriverCommandExecutor.execute(DriverCommandExecutor.java:83)
	at org.openqa.selenium.remote.RemoteWebDriver.execute(RemoteWebDriver.java:552)
	at org.openqa.selenium.remote.RemoteWebDriver.findElement(RemoteWebDriver.java:323)
	at org.openqa.selenium.remote.RemoteWebDriver.findElementByXPath(RemoteWebDriver.java:428)
	at org.openqa.selenium.By$ByXPath.findElement(By.java:353)
	at org.openqa.selenium.remote.RemoteWebDriver.findElement(RemoteWebDriver.java:315)
	at Jpetstore.HomePage.Signin(HomePage.java:38)
	at testcases.TC002.test2(TC002.java:12)
	at java.base/java.util.ArrayList.forEach(ArrayList.java:1511)
... Removed 32 stack frames</pre></div><a href='#' onClick='toggleBox("stack-trace1572929405", this, "Click to show all stack frames", "Click to hide stack frames")'>Click to show all stack frames</a>
<div class='stack-trace' id='stack-trace1572929405'><pre>org.openqa.selenium.WebDriverException: chrome not reachable
  (Session info: chrome=106.0.5249.119)
Build info: version: &apos;3.141.59&apos;, revision: &apos;e82be7d358&apos;, time: &apos;2018-11-14T08:25:53&apos;
System info: host: &apos;SPBLRLTU627&apos;, ip: &apos;192.168.43.107&apos;, os.name: &apos;Windows 10&apos;, os.arch: &apos;amd64&apos;, os.version: &apos;10.0&apos;, java.version: &apos;17.0.4.1&apos;
Driver info: org.openqa.selenium.chrome.ChromeDriver
Capabilities {acceptInsecureCerts: false, browserName: chrome, browserVersion: 106.0.5249.119, chrome: {chromedriverVersion: 105.0.5195.52 (412c95e51883..., userDataDir: C:\Users\ANANDH~1.R\AppData...}, goog:chromeOptions: {debuggerAddress: localhost:59962}, javascriptEnabled: true, networkConnectionEnabled: false, pageLoadStrategy: normal, platform: WINDOWS, platformName: WINDOWS, proxy: Proxy(), setWindowRect: true, strictFileInteractability: false, timeouts: {implicit: 0, pageLoad: 300000, script: 30000}, unhandledPromptBehavior: dismiss and notify, webauthn:extension:credBlob: true, webauthn:extension:largeBlob: true, webauthn:virtualAuthenticators: true}
Session ID: 1df8630102f5e7c9b48a9ae91043b93a
*** Element info: {Using=xpath, value=//a[.=&apos;Sign In&apos;]}
	at java.base/jdk.internal.reflect.NativeConstructorAccessorImpl.newInstance0(Native Method)
	at java.base/jdk.internal.reflect.NativeConstructorAccessorImpl.newInstance(NativeConstructorAccessorImpl.java:77)
	at java.base/jdk.internal.reflect.DelegatingConstructorAccessorImpl.newInstance(DelegatingConstructorAccessorImpl.java:45)
	at java.base/java.lang.reflect.Constructor.newInstanceWithCaller(Constructor.java:499)
	at java.base/java.lang.reflect.Constructor.newInstance(Constructor.java:480)
	at org.openqa.selenium.remote.http.W3CHttpResponseCodec.createException(W3CHttpResponseCodec.java:187)
	at org.openqa.selenium.remote.http.W3CHttpResponseCodec.decode(W3CHttpResponseCodec.java:122)
	at org.openqa.selenium.remote.http.W3CHttpResponseCodec.decode(W3CHttpResponseCodec.java:49)
	at org.openqa.selenium.remote.HttpCommandExecutor.execute(HttpCommandExecutor.java:158)
	at org.openqa.selenium.remote.service.DriverCommandExecutor.execute(DriverCommandExecutor.java:83)
	at org.openqa.selenium.remote.RemoteWebDriver.execute(RemoteWebDriver.java:552)
	at org.openqa.selenium.remote.RemoteWebDriver.findElement(RemoteWebDriver.java:323)
	at org.openqa.selenium.remote.RemoteWebDriver.findElementByXPath(RemoteWebDriver.java:428)
	at org.openqa.selenium.By$ByXPath.findElement(By.java:353)
	at org.openqa.selenium.remote.RemoteWebDriver.findElement(RemoteWebDriver.java:315)
	at Jpetstore.HomePage.Signin(HomePage.java:38)
	at testcases.TC002.test2(TC002.java:12)
	at java.base/jdk.internal.reflect.NativeMethodAccessorImpl.invoke0(Native Method)
	at java.base/jdk.internal.reflect.NativeMethodAccessorImpl.invoke(NativeMethodAccessorImpl.java:77)
	at java.base/jdk.internal.reflect.DelegatingMethodAccessorImpl.invoke(DelegatingMethodAccessorImpl.java:43)
	at java.base/java.lang.reflect.Method.invoke(Method.java:568)
	at org.testng.internal.MethodInvocationHelper.invokeMethod(MethodInvocationHelper.java:133)
	at org.testng.internal.TestInvoker.invokeMethod(TestInvoker.java:598)
	at org.testng.internal.TestInvoker.invokeTestMethod(TestInvoker.java:173)
	at org.testng.internal.MethodRunner.runInSequence(MethodRunner.java:46)
	at org.testng.internal.TestInvoker$MethodInvocationAgent.invoke(TestInvoker.java:824)
	at org.testng.internal.TestInvoker.invokeTestMethods(TestInvoker.java:146)
	at org.testng.internal.TestMethodWorker.invokeTestMethods(TestMethodWorker.java:146)
	at org.testng.internal.TestMethodWorker.run(TestMethodWorker.java:128)
	at java.base/java.util.ArrayList.forEach(ArrayList.java:1511)
	at org.testng.TestRunner.privateRun(TestRunner.java:794)
	at org.testng.TestRunner.run(TestRunner.java:596)
	at org.testng.SuiteRunner.runTest(SuiteRunner.java:377)
	at org.testng.SuiteRunner.runSequentially(SuiteRunner.java:371)
	at org.testng.SuiteRunner.privateRun(SuiteRunner.java:332)
	at org.testng.SuiteRunner.run(SuiteRunner.java:276)
	at org.testng.SuiteRunnerWorker.runSuite(SuiteRunnerWorker.java:53)
	at org.testng.SuiteRunnerWorker.run(SuiteRunnerWorker.java:96)
	at org.testng.TestNG.runSuitesSequentially(TestNG.java:1212)
	at org.testng.TestNG.runSuitesLocally(TestNG.java:1134)
	at org.testng.TestNG.runSuites(TestNG.java:1063)
	at org.testng.TestNG.run(TestNG.java:1031)
	at org.testng.remote.AbstractRemoteTestNG.run(AbstractRemoteTestNG.java:115)
	at org.testng.remote.RemoteTestNG.initAndRun(RemoteTestNG.java:251)
	at org.testng.remote.RemoteTestNG.main(RemoteTestNG.java:77)
</pre></div></td>
<td>10</td>
<td>testcases.TC015@6da21078</td></tr>
<tr>
<td title='testcases.TC015.test1()'><b>test1</b><br>Test class: testcases.TC015</td>
<td><div><pre>org.openqa.selenium.WebDriverException: chrome not reachable
Build info: version: &apos;3.141.59&apos;, revision: &apos;e82be7d358&apos;, time: &apos;2018-11-14T08:25:53&apos;
System info: host: &apos;SPBLRLTU627&apos;, ip: &apos;192.168.43.107&apos;, os.name: &apos;Windows 10&apos;, os.arch: &apos;amd64&apos;, os.version: &apos;10.0&apos;, java.version: &apos;17.0.4.1&apos;
Driver info: driver.version: ChromeDriver
remote stacktrace: Backtrace:
	Ordinal0 [0x00CFDF13+2219795]
	Ordinal0 [0x00C92841+1779777]
	Ordinal0 [0x00BA4100+803072]
	Ordinal0 [0x00B99B1A+760602]
	Ordinal0 [0x00BC5E4A+941642]
	Ordinal0 [0x00BC19F0+924144]
	Ordinal0 [0x00BBF179+913785]
	Ordinal0 [0x00BF36B9+1128121]
	Ordinal0 [0x00BF331A+1127194]
	Ordinal0 [0x00BEE616+1107478]
	Ordinal0 [0x00BC7F89+950153]
	Ordinal0 [0x00BC8F56+954198]
	GetHandleVerifier [0x00FF2CB2+3040210]
	GetHandleVerifier [0x00FE2BB4+2974420]
	GetHandleVerifier [0x00D96A0A+565546]
	GetHandleVerifier [0x00D95680+560544]
	Ordinal0 [0x00C99A5C+1808988]
	Ordinal0 [0x00C9E3A8+1827752]
	Ordinal0 [0x00C9E495+1827989]
	Ordinal0 [0x00CA80A4+1867940]
	BaseThreadInitThunk [0x7761FA29+25]
	RtlGetAppContainerNamedObjectPath [0x77777A9E+286]
	RtlGetAppContainerNamedObjectPath [0x77777A6E+238]

	at org.openqa.selenium.remote.W3CHandshakeResponse.lambda$errorHandler$0(W3CHandshakeResponse.java:62)
	at org.openqa.selenium.remote.HandshakeResponse.lambda$getResponseFunction$0(HandshakeResponse.java:30)
	at org.openqa.selenium.remote.ProtocolHandshake.lambda$createSession$0(ProtocolHandshake.java:126)
	at java.base/java.util.stream.ReferencePipeline$3$1.accept(ReferencePipeline.java:197)
	at java.base/java.util.Spliterators$ArraySpliterator.tryAdvance(Spliterators.java:1002)
	at java.base/java.util.stream.ReferencePipeline.forEachWithCancel(ReferencePipeline.java:129)
	at java.base/java.util.stream.AbstractPipeline.copyIntoWithCancel(AbstractPipeline.java:527)
	at java.base/java.util.stream.AbstractPipeline.copyInto(AbstractPipeline.java:513)
	at java.base/java.util.stream.AbstractPipeline.wrapAndCopyInto(AbstractPipeline.java:499)
	at java.base/java.util.stream.FindOps$FindOp.evaluateSequential(FindOps.java:150)
	at java.base/java.util.stream.AbstractPipeline.evaluate(AbstractPipeline.java:234)
	at java.base/java.util.stream.ReferencePipeline.findFirst(ReferencePipeline.java:647)
	at org.openqa.selenium.remote.ProtocolHandshake.createSession(ProtocolHandshake.java:128)
	at org.openqa.selenium.remote.ProtocolHandshake.createSession(ProtocolHandshake.java:74)
	at org.openqa.selenium.remote.HttpCommandExecutor.execute(HttpCommandExecutor.java:136)
	at org.openqa.selenium.remote.service.DriverCommandExecutor.execute(DriverCommandExecutor.java:83)
	at org.openqa.selenium.remote.RemoteWebDriver.execute(RemoteWebDriver.java:552)
	at org.openqa.selenium.remote.RemoteWebDriver.startSession(RemoteWebDriver.java:213)
	at org.openqa.selenium.remote.RemoteWebDriver.&lt;init&gt;(RemoteWebDriver.java:131)
	at org.openqa.selenium.chrome.ChromeDriver.&lt;init&gt;(ChromeDriver.java:181)
	at org.openqa.selenium.chrome.ChromeDriver.&lt;init&gt;(ChromeDriver.java:168)
	at org.openqa.selenium.chrome.ChromeDriver.&lt;init&gt;(ChromeDriver.java:123)
	at testcases.TC001.test1(TC001.java:17)
	at java.base/java.util.ArrayList.forEach(ArrayList.java:1511)
... Removed 32 stack frames</pre></div><a href='#' onClick='toggleBox("stack-trace639482242", this, "Click to show all stack frames", "Click to hide stack frames")'>Click to show all stack frames</a>
<div class='stack-trace' id='stack-trace639482242'><pre>org.openqa.selenium.WebDriverException: chrome not reachable
Build info: version: &apos;3.141.59&apos;, revision: &apos;e82be7d358&apos;, time: &apos;2018-11-14T08:25:53&apos;
System info: host: &apos;SPBLRLTU627&apos;, ip: &apos;192.168.43.107&apos;, os.name: &apos;Windows 10&apos;, os.arch: &apos;amd64&apos;, os.version: &apos;10.0&apos;, java.version: &apos;17.0.4.1&apos;
Driver info: driver.version: ChromeDriver
remote stacktrace: Backtrace:
	Ordinal0 [0x00CFDF13+2219795]
	Ordinal0 [0x00C92841+1779777]
	Ordinal0 [0x00BA4100+803072]
	Ordinal0 [0x00B99B1A+760602]
	Ordinal0 [0x00BC5E4A+941642]
	Ordinal0 [0x00BC19F0+924144]
	Ordinal0 [0x00BBF179+913785]
	Ordinal0 [0x00BF36B9+1128121]
	Ordinal0 [0x00BF331A+1127194]
	Ordinal0 [0x00BEE616+1107478]
	Ordinal0 [0x00BC7F89+950153]
	Ordinal0 [0x00BC8F56+954198]
	GetHandleVerifier [0x00FF2CB2+3040210]
	GetHandleVerifier [0x00FE2BB4+2974420]
	GetHandleVerifier [0x00D96A0A+565546]
	GetHandleVerifier [0x00D95680+560544]
	Ordinal0 [0x00C99A5C+1808988]
	Ordinal0 [0x00C9E3A8+1827752]
	Ordinal0 [0x00C9E495+1827989]
	Ordinal0 [0x00CA80A4+1867940]
	BaseThreadInitThunk [0x7761FA29+25]
	RtlGetAppContainerNamedObjectPath [0x77777A9E+286]
	RtlGetAppContainerNamedObjectPath [0x77777A6E+238]

	at java.base/jdk.internal.reflect.NativeConstructorAccessorImpl.newInstance0(Native Method)
	at java.base/jdk.internal.reflect.NativeConstructorAccessorImpl.newInstance(NativeConstructorAccessorImpl.java:77)
	at java.base/jdk.internal.reflect.DelegatingConstructorAccessorImpl.newInstance(DelegatingConstructorAccessorImpl.java:45)
	at java.base/java.lang.reflect.Constructor.newInstanceWithCaller(Constructor.java:499)
	at java.base/java.lang.reflect.Constructor.newInstance(Constructor.java:480)
	at org.openqa.selenium.remote.W3CHandshakeResponse.lambda$errorHandler$0(W3CHandshakeResponse.java:62)
	at org.openqa.selenium.remote.HandshakeResponse.lambda$getResponseFunction$0(HandshakeResponse.java:30)
	at org.openqa.selenium.remote.ProtocolHandshake.lambda$createSession$0(ProtocolHandshake.java:126)
	at java.base/java.util.stream.ReferencePipeline$3$1.accept(ReferencePipeline.java:197)
	at java.base/java.util.Spliterators$ArraySpliterator.tryAdvance(Spliterators.java:1002)
	at java.base/java.util.stream.ReferencePipeline.forEachWithCancel(ReferencePipeline.java:129)
	at java.base/java.util.stream.AbstractPipeline.copyIntoWithCancel(AbstractPipeline.java:527)
	at java.base/java.util.stream.AbstractPipeline.copyInto(AbstractPipeline.java:513)
	at java.base/java.util.stream.AbstractPipeline.wrapAndCopyInto(AbstractPipeline.java:499)
	at java.base/java.util.stream.FindOps$FindOp.evaluateSequential(FindOps.java:150)
	at java.base/java.util.stream.AbstractPipeline.evaluate(AbstractPipeline.java:234)
	at java.base/java.util.stream.ReferencePipeline.findFirst(ReferencePipeline.java:647)
	at org.openqa.selenium.remote.ProtocolHandshake.createSession(ProtocolHandshake.java:128)
	at org.openqa.selenium.remote.ProtocolHandshake.createSession(ProtocolHandshake.java:74)
	at org.openqa.selenium.remote.HttpCommandExecutor.execute(HttpCommandExecutor.java:136)
	at org.openqa.selenium.remote.service.DriverCommandExecutor.execute(DriverCommandExecutor.java:83)
	at org.openqa.selenium.remote.RemoteWebDriver.execute(RemoteWebDriver.java:552)
	at org.openqa.selenium.remote.RemoteWebDriver.startSession(RemoteWebDriver.java:213)
	at org.openqa.selenium.remote.RemoteWebDriver.&lt;init&gt;(RemoteWebDriver.java:131)
	at org.openqa.selenium.chrome.ChromeDriver.&lt;init&gt;(ChromeDriver.java:181)
	at org.openqa.selenium.chrome.ChromeDriver.&lt;init&gt;(ChromeDriver.java:168)
	at org.openqa.selenium.chrome.ChromeDriver.&lt;init&gt;(ChromeDriver.java:123)
	at testcases.TC001.test1(TC001.java:17)
	at java.base/jdk.internal.reflect.NativeMethodAccessorImpl.invoke0(Native Method)
	at java.base/jdk.internal.reflect.NativeMethodAccessorImpl.invoke(NativeMethodAccessorImpl.java:77)
	at java.base/jdk.internal.reflect.DelegatingMethodAccessorImpl.invoke(DelegatingMethodAccessorImpl.java:43)
	at java.base/java.lang.reflect.Method.invoke(Method.java:568)
	at org.testng.internal.MethodInvocationHelper.invokeMethod(MethodInvocationHelper.java:133)
	at org.testng.internal.TestInvoker.invokeMethod(TestInvoker.java:598)
	at org.testng.internal.TestInvoker.invokeTestMethod(TestInvoker.java:173)
	at org.testng.internal.MethodRunner.runInSequence(MethodRunner.java:46)
	at org.testng.internal.TestInvoker$MethodInvocationAgent.invoke(TestInvoker.java:824)
	at org.testng.internal.TestInvoker.invokeTestMethods(TestInvoker.java:146)
	at org.testng.internal.TestMethodWorker.invokeTestMethods(TestMethodWorker.java:146)
	at org.testng.internal.TestMethodWorker.run(TestMethodWorker.java:128)
	at java.base/java.util.ArrayList.forEach(ArrayList.java:1511)
	at org.testng.TestRunner.privateRun(TestRunner.java:794)
	at org.testng.TestRunner.run(TestRunner.java:596)
	at org.testng.SuiteRunner.runTest(SuiteRunner.java:377)
	at org.testng.SuiteRunner.runSequentially(SuiteRunner.java:371)
	at org.testng.SuiteRunner.privateRun(SuiteRunner.java:332)
	at org.testng.SuiteRunner.run(SuiteRunner.java:276)
	at org.testng.SuiteRunnerWorker.runSuite(SuiteRunnerWorker.java:53)
	at org.testng.SuiteRunnerWorker.run(SuiteRunnerWorker.java:96)
	at org.testng.TestNG.runSuitesSequentially(TestNG.java:1212)
	at org.testng.TestNG.runSuitesLocally(TestNG.java:1134)
	at org.testng.TestNG.runSuites(TestNG.java:1063)
	at org.testng.TestNG.run(TestNG.java:1031)
	at org.testng.remote.AbstractRemoteTestNG.run(AbstractRemoteTestNG.java:115)
	at org.testng.remote.RemoteTestNG.initAndRun(RemoteTestNG.java:251)
	at org.testng.remote.RemoteTestNG.main(RemoteTestNG.java:77)
</pre></div></td>
<td>118</td>
<td>testcases.TC015@6da21078</td></tr>
</table><p>
<table width='100%' border='1' class='invocation-passed'>
<tr><td colspan='4' align='center'><b>PASSED TESTS</b></td></tr>
<tr><td><b>Test method</b></td>
<td width="30%"><b>Exception</b></td>
<td width="10%"><b>Time (seconds)</b></td>
<td><b>Instance</b></td>
</tr>
<tr>
<td title='testcases.TC008.test1()'><b>test1</b><br>Test class: testcases.TC008</td>
<td></td>
<td>24</td>
<td>testcases.TC008@73e22a3d</td></tr>
<tr>
<td title='testcases.TC011.test10()'><b>test10</b><br>Test class: testcases.TC011</td>
<td></td>
<td>1</td>
<td>testcases.TC011@f736069</td></tr>
<tr>
<td title='testcases.TC009.test7()'><b>test7</b><br>Test class: testcases.TC009</td>
<td></td>
<td>0</td>
<td>testcases.TC009@47faa49c</td></tr>
<tr>
<td title='testcases.TC010.test4()'><b>test4</b><br>Test class: testcases.TC010</td>
<td></td>
<td>0</td>
<td>testcases.TC010@28f2a10f</td></tr>
<tr>
<td title='testcases.TC003.test1()'><b>test1</b><br>Test class: testcases.TC003</td>
<td></td>
<td>12</td>
<td>testcases.TC003@4d465b11</td></tr>
<tr>
<td title='testcases.TC010.test8()'><b>test8</b><br>Test class: testcases.TC010</td>
<td></td>
<td>0</td>
<td>testcases.TC010@28f2a10f</td></tr>
<tr>
<td title='testcases.TC006.test3()'><b>test3</b><br>Test class: testcases.TC006</td>
<td></td>
<td>2</td>
<td>testcases.TC006@7133da86</td></tr>
<tr>
<td title='testcases.TC010.test5()'><b>test5</b><br>Test class: testcases.TC010</td>
<td></td>
<td>0</td>
<td>testcases.TC010@28f2a10f</td></tr>
<tr>
<td title='testcases.TC007.test5()'><b>test5</b><br>Test class: testcases.TC007</td>
<td></td>
<td>0</td>
<td>testcases.TC007@3232a28a</td></tr>
<tr>
<td title='testcases.TC007.test7()'><b>test7</b><br>Test class: testcases.TC007</td>
<td></td>
<td>0</td>
<td>testcases.TC007@3232a28a</td></tr>
<tr>
<td title='testcases.TC002.test1()'><b>test1</b><br>Test class: testcases.TC002</td>
<td></td>
<td>12</td>
<td>testcases.TC002@383bfa16</td></tr>
<tr>
<td title='testcases.TC009.test6()'><b>test6</b><br>Test class: testcases.TC009</td>
<td></td>
<td>0</td>
<td>testcases.TC009@47faa49c</td></tr>
<tr>
<td title='testcases.TC011.test5()'><b>test5</b><br>Test class: testcases.TC011</td>
<td></td>
<td>0</td>
<td>testcases.TC011@f736069</td></tr>
<tr>
<td title='testcases.TC010.test1()'><b>test1</b><br>Test class: testcases.TC010</td>
<td></td>
<td>34</td>
<td>testcases.TC010@28f2a10f</td></tr>
<tr>
<td title='testcases.TC007.test3()'><b>test3</b><br>Test class: testcases.TC007</td>
<td></td>
<td>1</td>
<td>testcases.TC007@3232a28a</td></tr>
<tr>
<td title='testcases.TC009.test9()'><b>test9</b><br>Test class: testcases.TC009</td>
<td></td>
<td>2</td>
<td>testcases.TC009@47faa49c</td></tr>
<tr>
<td title='testcases.TC002.test2()'><b>test2</b><br>Test class: testcases.TC002</td>
<td></td>
<td>0</td>
<td>testcases.TC002@383bfa16</td></tr>
<tr>
<td title='testcases.TC004.test1()'><b>test1</b><br>Test class: testcases.TC004</td>
<td></td>
<td>10</td>
<td>testcases.TC004@32ee6fee</td></tr>
<tr>
<td title='testcases.TC008.test5()'><b>test5</b><br>Test class: testcases.TC008</td>
<td></td>
<td>0</td>
<td>testcases.TC008@73e22a3d</td></tr>
<tr>
<td title='testcases.TC011.test7()'><b>test7</b><br>Test class: testcases.TC011</td>
<td></td>
<td>0</td>
<td>testcases.TC011@f736069</td></tr>
<tr>
<td title='testcases.TC007.test2()'><b>test2</b><br>Test class: testcases.TC007</td>
<td></td>
<td>2</td>
<td>testcases.TC007@3232a28a</td></tr>
<tr>
<td title='testcases.TC007.test4()'><b>test4</b><br>Test class: testcases.TC007</td>
<td></td>
<td>0</td>
<td>testcases.TC007@3232a28a</td></tr>
<tr>
<td title='testcases.TC005.test4()'><b>test4</b><br>Test class: testcases.TC005</td>
<td></td>
<td>0</td>
<td>testcases.TC005@4d0f2471</td></tr>
<tr>
<td title='testcases.TC011.test1()'><b>test1</b><br>Test class: testcases.TC011</td>
<td></td>
<td>37</td>
<td>testcases.TC011@f736069</td></tr>
<tr>
<td title='testcases.TC020.test3()'><b>test3</b><br>Test class: testcases.TC020</td>
<td></td>
<td>1</td>
<td>testcases.TC020@7fee8714</td></tr>
<tr>
<td title='testcases.TC004.test3()'><b>test3</b><br>Test class: testcases.TC004</td>
<td></td>
<td>1</td>
<td>testcases.TC004@32ee6fee</td></tr>
<tr>
<td title='testcases.TC011.test11()'><b>test11</b><br>Test class: testcases.TC011</td>
<td></td>
<td>49</td>
<td>testcases.TC011@f736069</td></tr>
<tr>
<td title='testcases.TC008.test4()'><b>test4</b><br>Test class: testcases.TC008</td>
<td></td>
<td>0</td>
<td>testcases.TC008@73e22a3d</td></tr>
<tr>
<td title='testcases.TC011.test6()'><b>test6</b><br>Test class: testcases.TC011</td>
<td></td>
<td>0</td>
<td>testcases.TC011@f736069</td></tr>
<tr>
<td title='testcases.TC010.test9()'><b>test9</b><br>Test class: testcases.TC010</td>
<td></td>
<td>0</td>
<td>testcases.TC010@28f2a10f</td></tr>
<tr>
<td title='testcases.TC009.test3()'><b>test3</b><br>Test class: testcases.TC009</td>
<td></td>
<td>2</td>
<td>testcases.TC009@47faa49c</td></tr>
<tr>
<td title='testcases.TC005.test5()'><b>test5</b><br>Test class: testcases.TC005</td>
<td></td>
<td>1</td>
<td>testcases.TC005@4d0f2471</td></tr>
<tr>
<td title='testcases.TC006.test1()'><b>test1</b><br>Test class: testcases.TC006</td>
<td></td>
<td>19</td>
<td>testcases.TC006@7133da86</td></tr>
<tr>
<td title='testcases.TC010.test3()'><b>test3</b><br>Test class: testcases.TC010</td>
<td></td>
<td>1</td>
<td>testcases.TC010@28f2a10f</td></tr>
<tr>
<td title='testcases.TC006.test4()'><b>test4</b><br>Test class: testcases.TC006</td>
<td></td>
<td>0</td>
<td>testcases.TC006@7133da86</td></tr>
<tr>
<td title='testcases.TC008.test8()'><b>test8</b><br>Test class: testcases.TC008</td>
<td></td>
<td>0</td>
<td>testcases.TC008@73e22a3d</td></tr>
<tr>
<td title='testcases.TC011.test8()'><b>test8</b><br>Test class: testcases.TC011</td>
<td></td>
<td>0</td>
<td>testcases.TC011@f736069</td></tr>
<tr>
<td title='testcases.TC009.test5()'><b>test5</b><br>Test class: testcases.TC009</td>
<td></td>
<td>0</td>
<td>testcases.TC009@47faa49c</td></tr>
<tr>
<td title='testcases.TC010.test2()'><b>test2</b><br>Test class: testcases.TC010</td>
<td></td>
<td>0</td>
<td>testcases.TC010@28f2a10f</td></tr>
<tr>
<td title='testcases.TC009.test8()'><b>test8</b><br>Test class: testcases.TC009</td>
<td></td>
<td>0</td>
<td>testcases.TC009@47faa49c</td></tr>
<tr>
<td title='testcases.TC004.test2()'><b>test2</b><br>Test class: testcases.TC004</td>
<td></td>
<td>0</td>
<td>testcases.TC004@32ee6fee</td></tr>
<tr>
<td title='testcases.TC008.test6()'><b>test6</b><br>Test class: testcases.TC008</td>
<td></td>
<td>0</td>
<td>testcases.TC008@73e22a3d</td></tr>
<tr>
<td title='testcases.TC009.test4()'><b>test4</b><br>Test class: testcases.TC009</td>
<td></td>
<td>0</td>
<td>testcases.TC009@47faa49c</td></tr>
<tr>
<td title='testcases.TC011.test2()'><b>test2</b><br>Test class: testcases.TC011</td>
<td></td>
<td>0</td>
<td>testcases.TC011@f736069</td></tr>
<tr>
<td title='testcases.TC005.test1()'><b>test1</b><br>Test class: testcases.TC005</td>
<td></td>
<td>16</td>
<td>testcases.TC005@4d0f2471</td></tr>
<tr>
<td title='testcases.TC008.test2()'><b>test2</b><br>Test class: testcases.TC008</td>
<td></td>
<td>8</td>
<td>testcases.TC008@73e22a3d</td></tr>
<tr>
<td title='testcases.TC010.test7()'><b>test7</b><br>Test class: testcases.TC010</td>
<td></td>
<td>0</td>
<td>testcases.TC010@28f2a10f</td></tr>
<tr>
<td title='testcases.TC005.test3()'><b>test3</b><br>Test class: testcases.TC005</td>
<td></td>
<td>1</td>
<td>testcases.TC005@4d0f2471</td></tr>
<tr>
<td title='testcases.TC011.test4()'><b>test4</b><br>Test class: testcases.TC011</td>
<td></td>
<td>0</td>
<td>testcases.TC011@f736069</td></tr>
<tr>
<td title='testcases.TC011.test9()'><b>test9</b><br>Test class: testcases.TC011</td>
<td></td>
<td>0</td>
<td>testcases.TC011@f736069</td></tr>
<tr>
<td title='testcases.TC007.test6()'><b>test6</b><br>Test class: testcases.TC007</td>
<td></td>
<td>0</td>
<td>testcases.TC007@3232a28a</td></tr>
<tr>
<td title='testcases.TC006.test5()'><b>test5</b><br>Test class: testcases.TC006</td>
<td></td>
<td>0</td>
<td>testcases.TC006@7133da86</td></tr>
<tr>
<td title='testcases.TC008.test7()'><b>test7</b><br>Test class: testcases.TC008</td>
<td></td>
<td>0</td>
<td>testcases.TC008@73e22a3d</td></tr>
<tr>
<td title='testcases.TC009.test1()'><b>test1</b><br>Test class: testcases.TC009</td>
<td></td>
<td>31</td>
<td>testcases.TC009@47faa49c</td></tr>
<tr>
<td title='testcases.TC020.test4()'><b>test4</b><br>Test class: testcases.TC020</td>
<td></td>
<td>0</td>
<td>testcases.TC020@7fee8714</td></tr>
<tr>
<td title='testcases.TC001.test1()'><b>test1</b><br>Test class: testcases.TC001</td>
<td></td>
<td>9</td>
<td>testcases.TC001@505fc5a4</td></tr>
<tr>
<td title='testcases.TC003.test3()'><b>test3</b><br>Test class: testcases.TC003</td>
<td></td>
<td>1</td>
<td>testcases.TC003@4d465b11</td></tr>
<tr>
<td title='testcases.TC010.test6()'><b>test6</b><br>Test class: testcases.TC010</td>
<td></td>
<td>0</td>
<td>testcases.TC010@28f2a10f</td></tr>
<tr>
<td title='testcases.TC005.test2()'><b>test2</b><br>Test class: testcases.TC005</td>
<td></td>
<td>0</td>
<td>testcases.TC005@4d0f2471</td></tr>
<tr>
<td title='testcases.TC006.test6()'><b>test6</b><br>Test class: testcases.TC006</td>
<td></td>
<td>0</td>
<td>testcases.TC006@7133da86</td></tr>
<tr>
<td title='testcases.TC020.test1()'><b>test1</b><br>Test class: testcases.TC020</td>
<td></td>
<td>13</td>
<td>testcases.TC020@7fee8714</td></tr>
<tr>
<td title='testcases.TC007.test1()'><b>test1</b><br>Test class: testcases.TC007</td>
<td></td>
<td>15</td>
<td>testcases.TC007@3232a28a</td></tr>
<tr>
<td title='testcases.TC011.test3()'><b>test3</b><br>Test class: testcases.TC011</td>
<td></td>
<td>2</td>
<td>testcases.TC011@f736069</td></tr>
<tr>
<td title='testcases.TC008.test3()'><b>test3</b><br>Test class: testcases.TC008</td>
<td></td>
<td>2</td>
<td>testcases.TC008@73e22a3d</td></tr>
<tr>
<td title='testcases.TC003.test2()'><b>test2</b><br>Test class: testcases.TC003</td>
<td></td>
<td>0</td>
<td>testcases.TC003@4d465b11</td></tr>
<tr>
<td title='testcases.TC020.test5()'><b>test5</b><br>Test class: testcases.TC020</td>
<td></td>
<td>0</td>
<td>testcases.TC020@7fee8714</td></tr>
<tr>
<td title='testcases.TC020.test2()'><b>test2</b><br>Test class: testcases.TC020</td>
<td></td>
<td>0</td>
<td>testcases.TC020@7fee8714</td></tr>
<tr>
<td title='testcases.TC010.test10()'><b>test10</b><br>Test class: testcases.TC010</td>
<td></td>
<td>4</td>
<td>testcases.TC010@28f2a10f</td></tr>
<tr>
<td title='testcases.TC020.test20()'><b>test20</b><br>Test class: testcases.TC020</td>
<td></td>
<td>0</td>
<td>testcases.TC020@7fee8714</td></tr>
<tr>
<td title='testcases.TC004.test4()'><b>test4</b><br>Test class: testcases.TC004</td>
<td></td>
<td>0</td>
<td>testcases.TC004@32ee6fee</td></tr>
<tr>
<td title='testcases.TC006.test2()'><b>test2</b><br>Test class: testcases.TC006</td>
<td></td>
<td>0</td>
<td>testcases.TC006@7133da86</td></tr>
<tr>
<td title='testcases.TC009.test2()'><b>test2</b><br>Test class: testcases.TC009</td>
<td></td>
<td>1</td>
<td>testcases.TC009@47faa49c</td></tr>
</table><p>
</body>
</html>